<?xml version="1.0" encoding="UTF-8"?>
<testng-results skipped="0" failed="0" total="6" passed="6">
  <reporter-output>
  </reporter-output>
  <suite name="Default suite" duration-ms="12236" started-at="2014-05-21T03:54:21Z" finished-at="2014-05-21T03:54:33Z">
    <groups>
    </groups>
    <test name="Default test" duration-ms="12236" started-at="2014-05-21T03:54:21Z" finished-at="2014-05-21T03:54:33Z">
      <class name="com.example.tests.GroupCreationTests">
        <test-method status="PASS" signature="setUp()[pri:0, instance:com.example.tests.GroupCreationTests@1310e0a]" name="setUp" is-config="true" duration-ms="3402" started-at="2014-05-20T23:54:21Z" finished-at="2014-05-20T23:54:24Z">
          <reporter-output>
          </reporter-output>
        </test-method> <!-- setUp -->
        <test-method status="PASS" signature="testEmptyGroupCreation()[pri:0, instance:com.example.tests.GroupCreationTests@1310e0a]" name="testEmptyGroupCreation" duration-ms="1494" started-at="2014-05-20T23:54:24Z" finished-at="2014-05-20T23:54:26Z">
          <reporter-output>
          </reporter-output>
        </test-method> <!-- testEmptyGroupCreation -->
        <test-method status="PASS" signature="testNonEmptyGroupCreation()[pri:0, instance:com.example.tests.GroupCreationTests@1310e0a]" name="testNonEmptyGroupCreation" duration-ms="1220" started-at="2014-05-20T23:54:26Z" finished-at="2014-05-20T23:54:27Z">
          <reporter-output>
          </reporter-output>
        </test-method> <!-- testNonEmptyGroupCreation -->
        <test-method status="PASS" signature="tearDown()[pri:0, instance:com.example.tests.GroupCreationTests@1310e0a]" name="tearDown" is-config="true" duration-ms="220" started-at="2014-05-20T23:54:33Z" finished-at="2014-05-20T23:54:33Z">
          <reporter-output>
          </reporter-output>
        </test-method> <!-- tearDown -->
      </class> <!-- com.example.tests.GroupCreationTests -->
      <class name="com.example.tests.AddressCreationTests">
        <test-method status="PASS" signature="testEmptyAddressCreation()[pri:0, instance:com.example.tests.AddressCreationTests@6cd67b]" name="testEmptyAddressCreation" duration-ms="1770" started-at="2014-05-20T23:54:27Z" finished-at="2014-05-20T23:54:29Z">
          <reporter-output>
          </reporter-output>
        </test-method> <!-- testEmptyAddressCreation -->
        <test-method status="PASS" signature="testNonEmptyAddressCreation()[pri:0, instance:com.example.tests.AddressCreationTests@6cd67b]" name="testNonEmptyAddressCreation" duration-ms="1880" started-at="2014-05-20T23:54:29Z" finished-at="2014-05-20T23:54:31Z">
          <reporter-output>
          </reporter-output>
        </test-method> <!-- testNonEmptyAddressCreation -->
      </class> <!-- com.example.tests.AddressCreationTests -->
      <class name="com.example.tests.GroupCreationTests2">
        <test-method status="PASS" signature="testEmptyGroupCreation()[pri:0, instance:com.example.tests.GroupCreationTests2@1aba72e]" name="testEmptyGroupCreation" duration-ms="1100" started-at="2014-05-20T23:54:31Z" finished-at="2014-05-20T23:54:32Z">
          <reporter-output>
          </reporter-output>
        </test-method> <!-- testEmptyGroupCreation -->
        <test-method status="PASS" signature="testNonEmptyGroupCreation()[pri:0, instance:com.example.tests.GroupCreationTests2@1aba72e]" name="testNonEmptyGroupCreation" duration-ms="1140" started-at="2014-05-20T23:54:32Z" finished-at="2014-05-20T23:54:33Z">
          <reporter-output>
          </reporter-output>
        </test-method> <!-- testNonEmptyGroupCreation -->
      </class> <!-- com.example.tests.GroupCreationTests2 -->
    </test> <!-- Default test -->
  </suite> <!-- Default suite -->
</testng-results>
