<?xml version="1.0" encoding="UTF-8"?>
<testng-results skipped="0" failed="0" total="1" passed="1">
  <reporter-output>
  </reporter-output>
  <suite name="Default suite" duration-ms="6492" started-at="2014-06-03T02:14:12Z" finished-at="2014-06-03T02:14:19Z">
    <groups>
    </groups>
    <test name="Default test" duration-ms="6492" started-at="2014-06-03T02:14:12Z" finished-at="2014-06-03T02:14:19Z">
      <class name="com.example.tests.ContactModificationTests">
        <test-method status="PASS" signature="setUp()[pri:0, instance:com.example.tests.ContactModificationTests@1f8a4fd]" name="setUp" is-config="true" duration-ms="4838" started-at="2014-06-02T22:14:12Z" finished-at="2014-06-02T22:14:17Z">
          <reporter-output>
          </reporter-output>
        </test-method> <!-- setUp -->
        <test-method status="PASS" signature="modifySomeContact()[pri:0, instance:com.example.tests.ContactModificationTests@1f8a4fd]" name="modifySomeContact" duration-ms="1441" started-at="2014-06-02T22:14:17Z" finished-at="2014-06-02T22:14:19Z">
          <reporter-output>
          </reporter-output>
        </test-method> <!-- modifySomeContact -->
        <test-method status="PASS" signature="tearDown()[pri:0, instance:com.example.tests.ContactModificationTests@1f8a4fd]" name="tearDown" is-config="true" duration-ms="197" started-at="2014-06-02T22:14:19Z" finished-at="2014-06-02T22:14:19Z">
          <reporter-output>
          </reporter-output>
        </test-method> <!-- tearDown -->
      </class> <!-- com.example.tests.ContactModificationTests -->
    </test> <!-- Default test -->
  </suite> <!-- Default suite -->
</testng-results>
