<?xml version="1.0" encoding="UTF-8"?>
<!-- Generated by org.testng.reporters.JUnitXMLReporter -->
<testsuite hostname="MININT-ESDIT00" name="Default test" tests="6" failures="0" timestamp="21 May 2014 03:54:33 GMT" time="12.236" errors="0">
  <testcase name="testEmptyGroupCreation" time="1.494" classname="com.example.tests.GroupCreationTests"/>
  <testcase name="testNonEmptyGroupCreation" time="1.22" classname="com.example.tests.GroupCreationTests"/>
  <testcase name="testEmptyAddressCreation" time="1.77" classname="com.example.tests.AddressCreationTests"/>
  <testcase name="testNonEmptyAddressCreation" time="1.88" classname="com.example.tests.AddressCreationTests"/>
  <testcase name="testEmptyGroupCreation" time="1.1" classname="com.example.tests.GroupCreationTests2"/>
  <testcase name="testNonEmptyGroupCreation" time="1.14" classname="com.example.tests.GroupCreationTests2"/>
</testsuite> <!-- Default test -->
