<?xml version="1.0" encoding="UTF-8"?>
<!-- Generated by org.testng.reporters.JUnitXMLReporter -->
<testsuite hostname="MININT-ESDIT00" name="Default test" tests="6" failures="0" timestamp="22 May 2014 03:03:21 GMT" time="14.619" errors="0">
  <testcase name="testEmptyGroupCreation" time="1.528" classname="com.example.tests.GroupCreationTests"/>
  <testcase name="testNonEmptyGroupCreation" time="1.264" classname="com.example.tests.GroupCreationTests"/>
  <testcase name="testEmptyAddressCreation" time="2.106" classname="com.example.tests.AddressCreationTests"/>
  <testcase name="testNonEmptyAddressCreation" time="2.028" classname="com.example.tests.AddressCreationTests"/>
  <testcase name="testEmptyGroupCreation" time="1.139" classname="com.example.tests.GroupCreationTests2"/>
  <testcase name="testNonEmptyGroupCreation" time="1.685" classname="com.example.tests.GroupCreationTests2"/>
</testsuite> <!-- Default test -->
