<?xml version="1.0" encoding="UTF-8"?>
<!-- Generated by org.testng.reporters.JUnitXMLReporter -->
<testsuite hostname="MININT-ESDIT00" name="Default test" tests="4" failures="0" timestamp="27 May 2014 02:16:55 GMT" time="9.254" errors="0">
  <testcase name="testEmptyGroupCreation" time="1.342" classname="com.example.tests.AlsoGroupCreationTests"/>
  <testcase name="testNonEmptyGroupCreation" time="1.48" classname="com.example.tests.AlsoGroupCreationTests"/>
  <testcase name="testEmptyGroupCreation" time="1.17" classname="com.example.tests.GroupCreationTests"/>
  <testcase name="testNonEmptyGroupCreation" time="1.1" classname="com.example.tests.GroupCreationTests"/>
</testsuite> <!-- Default test -->
