<?xml version="1.0" encoding="UTF-8"?>
<testng-results skipped="0" failed="0" total="6" passed="6">
  <reporter-output>
  </reporter-output>
  <suite name="Default suite" duration-ms="14619" started-at="2014-05-22T03:03:06Z" finished-at="2014-05-22T03:03:21Z">
    <groups>
    </groups>
    <test name="Default test" duration-ms="14619" started-at="2014-05-22T03:03:06Z" finished-at="2014-05-22T03:03:21Z">
      <class name="com.example.tests.GroupCreationTests">
        <test-method status="PASS" signature="setUp()[pri:0, instance:com.example.tests.GroupCreationTests@1310e0a]" name="setUp" is-config="true" duration-ms="4651" started-at="2014-05-21T23:03:06Z" finished-at="2014-05-21T23:03:11Z">
          <reporter-output>
          </reporter-output>
        </test-method> <!-- setUp -->
        <test-method status="PASS" signature="testEmptyGroupCreation()[pri:0, instance:com.example.tests.GroupCreationTests@1310e0a]" name="testEmptyGroupCreation" duration-ms="1528" started-at="2014-05-21T23:03:11Z" finished-at="2014-05-21T23:03:13Z">
          <reporter-output>
          </reporter-output>
        </test-method> <!-- testEmptyGroupCreation -->
        <test-method status="PASS" signature="testNonEmptyGroupCreation()[pri:0, instance:com.example.tests.GroupCreationTests@1310e0a]" name="testNonEmptyGroupCreation" duration-ms="1264" started-at="2014-05-21T23:03:13Z" finished-at="2014-05-21T23:03:14Z">
          <reporter-output>
          </reporter-output>
        </test-method> <!-- testNonEmptyGroupCreation -->
        <test-method status="PASS" signature="tearDown()[pri:0, instance:com.example.tests.GroupCreationTests@1310e0a]" name="tearDown" is-config="true" duration-ms="202" started-at="2014-05-21T23:03:21Z" finished-at="2014-05-21T23:03:21Z">
          <reporter-output>
          </reporter-output>
        </test-method> <!-- tearDown -->
      </class> <!-- com.example.tests.GroupCreationTests -->
      <class name="com.example.tests.AddressCreationTests">
        <test-method status="PASS" signature="testEmptyAddressCreation()[pri:0, instance:com.example.tests.AddressCreationTests@6cd67b]" name="testEmptyAddressCreation" duration-ms="2106" started-at="2014-05-21T23:03:14Z" finished-at="2014-05-21T23:03:16Z">
          <reporter-output>
          </reporter-output>
        </test-method> <!-- testEmptyAddressCreation -->
        <test-method status="PASS" signature="testNonEmptyAddressCreation()[pri:0, instance:com.example.tests.AddressCreationTests@6cd67b]" name="testNonEmptyAddressCreation" duration-ms="2028" started-at="2014-05-21T23:03:16Z" finished-at="2014-05-21T23:03:18Z">
          <reporter-output>
          </reporter-output>
        </test-method> <!-- testNonEmptyAddressCreation -->
      </class> <!-- com.example.tests.AddressCreationTests -->
      <class name="com.example.tests.GroupCreationTests2">
        <test-method status="PASS" signature="testEmptyGroupCreation()[pri:0, instance:com.example.tests.GroupCreationTests2@1aba72e]" name="testEmptyGroupCreation" duration-ms="1139" started-at="2014-05-21T23:03:18Z" finished-at="2014-05-21T23:03:19Z">
          <reporter-output>
          </reporter-output>
        </test-method> <!-- testEmptyGroupCreation -->
        <test-method status="PASS" signature="testNonEmptyGroupCreation()[pri:0, instance:com.example.tests.GroupCreationTests2@1aba72e]" name="testNonEmptyGroupCreation" duration-ms="1685" started-at="2014-05-21T23:03:19Z" finished-at="2014-05-21T23:03:21Z">
          <reporter-output>
          </reporter-output>
        </test-method> <!-- testNonEmptyGroupCreation -->
      </class> <!-- com.example.tests.GroupCreationTests2 -->
    </test> <!-- Default test -->
  </suite> <!-- Default suite -->
</testng-results>
