<?xml version="1.0" encoding="UTF-8"?>
<testng-results skipped="0" failed="0" total="4" passed="4">
  <reporter-output>
  </reporter-output>
  <suite name="Default suite" duration-ms="9254" started-at="2014-05-27T02:16:46Z" finished-at="2014-05-27T02:16:55Z">
    <groups>
    </groups>
    <test name="Default test" duration-ms="9254" started-at="2014-05-27T02:16:46Z" finished-at="2014-05-27T02:16:55Z">
      <class name="com.example.tests.GroupCreationTests">
        <test-method status="PASS" signature="setUp()[pri:0, instance:com.example.tests.GroupCreationTests@8920dc]" name="setUp" is-config="true" duration-ms="3972" started-at="2014-05-26T22:16:46Z" finished-at="2014-05-26T22:16:50Z">
          <reporter-output>
          </reporter-output>
        </test-method> <!-- setUp -->
        <test-method status="PASS" signature="testEmptyGroupCreation()[pri:0, instance:com.example.tests.GroupCreationTests@8920dc]" name="testEmptyGroupCreation" duration-ms="1170" started-at="2014-05-26T22:16:53Z" finished-at="2014-05-26T22:16:54Z">
          <reporter-output>
          </reporter-output>
        </test-method> <!-- testEmptyGroupCreation -->
        <test-method status="PASS" signature="testNonEmptyGroupCreation()[pri:0, instance:com.example.tests.GroupCreationTests@8920dc]" name="testNonEmptyGroupCreation" duration-ms="1100" started-at="2014-05-26T22:16:54Z" finished-at="2014-05-26T22:16:55Z">
          <reporter-output>
          </reporter-output>
        </test-method> <!-- testNonEmptyGroupCreation -->
        <test-method status="PASS" signature="tearDown()[pri:0, instance:com.example.tests.GroupCreationTests@8920dc]" name="tearDown" is-config="true" duration-ms="160" started-at="2014-05-26T22:16:55Z" finished-at="2014-05-26T22:16:55Z">
          <reporter-output>
          </reporter-output>
        </test-method> <!-- tearDown -->
      </class> <!-- com.example.tests.GroupCreationTests -->
      <class name="com.example.tests.AlsoGroupCreationTests">
        <test-method status="PASS" signature="testEmptyGroupCreation()[pri:0, instance:com.example.tests.AlsoGroupCreationTests@d4694f]" name="testEmptyGroupCreation" duration-ms="1342" started-at="2014-05-26T22:16:50Z" finished-at="2014-05-26T22:16:51Z">
          <reporter-output>
          </reporter-output>
        </test-method> <!-- testEmptyGroupCreation -->
        <test-method status="PASS" signature="testNonEmptyGroupCreation()[pri:0, instance:com.example.tests.AlsoGroupCreationTests@d4694f]" name="testNonEmptyGroupCreation" duration-ms="1480" started-at="2014-05-26T22:16:51Z" finished-at="2014-05-26T22:16:53Z">
          <reporter-output>
          </reporter-output>
        </test-method> <!-- testNonEmptyGroupCreation -->
      </class> <!-- com.example.tests.AlsoGroupCreationTests -->
    </test> <!-- Default test -->
  </suite> <!-- Default suite -->
</testng-results>
